#
# A fatal error has been detected by the Java Runtime Environment:
#
#  SIGSEGV (0xb) at pc=0x000000010d26d114, pid=9136, tid=0x0000000000002a03
#
# JRE version: Java(TM) SE Runtime Environment (8.0_271-b09) (build 1.8.0_271-b09)
# Java VM: Java HotSpot(TM) 64-Bit Server VM (25.271-b09 mixed mode bsd-amd64 compressed oops)
# Problematic frame:
# V  [libjvm.dylib+0x4d2114]
#
# Failed to write core dump. Core dumps have been disabled. To enable core dumping, try "ulimit -c unlimited" before starting Java again
#
# If you would like to submit a bug report, please visit:
#   http://bugreport.java.com/bugreport/crash.jsp
#

---------------  T H R E A D  ---------------

Current thread (0x00007f9337009000):  GCTaskThread [stack: 0x000070000f01e000,0x000070000f11e000] [id=10755]

siginfo: si_signo: 11 (SIGSEGV), si_code: 1 (SEGV_MAPERR), si_addr: 0x000000039b57cfe0

Registers:
RAX=0x000000010d4ba701, RBX=0xedd66b66edd66b66, RCX=0x0000000000000003, RDX=0x000000010d4a4338
RSP=0x000070000f11dd90, RBP=0x000070000f11de00, RSI=0x000000076eb6b908, RDI=0x000000039b57cfd8
R8 =0x0000000000000000, R9 =0x00007f933680a540, R10=0x000000a900003b7f, R11=0x0000000000000246
R12=0x000070000f11de44, R13=0x000070000f11de50, R14=0x0000000738b8b9f0, R15=0x000000010d4a4328
RIP=0x000000010d26d114, EFLAGS=0x0000000000010206, ERR=0x0000000000000004
  TRAPNO=0x000000000000000e

Top of Stack: (sp=0x000070000f11dd90)
0x000070000f11dd90:   00000006d0a893f0 0000000000000240
0x000070000f11dda0:   000070000f11de50 000000010ced8a9c
0x000070000f11ddb0:   000070000f11ddf0 000000010d26d842
0x000070000f11ddc0:   000000076eb6b908 0000000000000000
0x000070000f11ddd0:   0000000000000003 0000000738b8b9f1
0x000070000f11dde0:   000070000f11de44 000070000f11de50
0x000070000f11ddf0:   0000000738b8b9f0 000000010d4a4328
0x000070000f11de00:   000070000f11de30 000000010d269fce
0x000070000f11de10:   0000000000000001 00007f933680a540
0x000070000f11de20:   0000000000000003 000000010d4c4960
0x000070000f11de30:   000070000f11de80 000000010d26ceca
0x000070000f11de40:   5a0788400d4baa51 00007f93340ca9d0
0x000070000f11de50:   0000000738b8b9f1 00007f9337009000
0x000070000f11de60:   00007f93340ca9d0 000000010d3ab545
0x000070000f11de70:   0000000000000000 0000000000000001
0x000070000f11de80:   000070000f11df60 000000010cffd664
0x000070000f11de90:   00007f9335405e00 00007f9337009000
0x000070000f11dea0:   00007f9335405670 00007f93354056b0
0x000070000f11deb0:   00007f93354056c0 00007f9335405798
0x000070000f11dec0:   00000000000000d8 00007f9335405890
0x000070000f11ded0:   00007f9337009000 00007f9335405670
0x000070000f11dee0:   00007f93354056b0 00007f93354056c0
0x000070000f11def0:   00007f9335405798 00000000000000d8
0x000070000f11df00:   000070000f11de98 00007f9335405250
0x000070000f11df10:   00007f9335405280 00007f9335405290
0x000070000f11df20:   00007f9335405668 00000000000003d8
0x000070000f11df30:   0000000000000000 00007f9335406150
0x000070000f11df40:   00007f93354061c0 0000000000000000
0x000070000f11df50:   00007f9337009000 0000000000000001
0x000070000f11df60:   000070000f11dfb0 000000010d22a359
0x000070000f11df70:   000000000005c22a 000070000f11e0e0
0x000070000f11df80:   000070000f11e180 0000000600000000 

Instructions: (pc=0x000000010d26d114)
0x000000010d26d0f4:   c0 48 89 75 c0 74 15 8b 7e 08 48 8d 15 33 72 23
0x000000010d26d104:   00 8a 4a 08 48 d3 e7 48 03 3a eb 04 48 8b 7e 08
0x000000010d26d114:   44 8b 6f 08 45 85 ed 4c 89 4d c8 7e 0c 41 f6 c5
0x000000010d26d124:   01 75 08 41 c1 ed 03 eb 5d 78 16 48 8b 07 48 8b 

Register to memory mapping:

RAX=0x000000010d4ba701: G1RSetRegionEntries+0x1 in /Library/Java/JavaVirtualMachines/jdk1.8.0_271.jdk/Contents/Home/jre/lib/server/libjvm.dylib at 0x000000010cd9b000
RBX=0xedd66b66edd66b66 is an unknown value
RCX=0x0000000000000003 is an unknown value
RDX=0x000000010d4a4338: _ZN8Universe13_narrow_klassE+0 in /Library/Java/JavaVirtualMachines/jdk1.8.0_271.jdk/Contents/Home/jre/lib/server/libjvm.dylib at 0x000000010cd9b000
RSP=0x000070000f11dd90 is an unknown value
RBP=0x000070000f11de00 is an unknown value
RSI=0x000000076eb6b908 is an oop

[error occurred during error reporting (printing register info), id 0xb]

Stack: [0x000070000f01e000,0x000070000f11e000],  sp=0x000070000f11dd90,  free space=1023k
Native frames: (J=compiled Java code, j=interpreted, Vv=VM code, C=native code)
V  [libjvm.dylib+0x4d2114]
V  [libjvm.dylib+0x4cefce]
V  [libjvm.dylib+0x4d1eca]
V  [libjvm.dylib+0x262664]
V  [libjvm.dylib+0x48f359]
C  [libsystem_pthread.dylib+0x6954]  _pthread_start+0xe0
C  [libsystem_pthread.dylib+0x24a7]  thread_start+0xf


---------------  P R O C E S S  ---------------

Java Threads: ( => current thread )
  0x00007f9336154000 JavaThread "AWT-Shutdown" [_thread_blocked, id=37903, stack(0x00007000101d7000,0x00007000102d7000)]
  0x00007f9336970800 JavaThread "Attach Listener" daemon [_thread_blocked, id=71963, stack(0x000070001076f000,0x000070001086f000)]
  0x00007f9334127800 JavaThread "Java2D Disposer" daemon [_thread_blocked, id=52995, stack(0x000070001066c000,0x000070001076c000)]
  0x00007f9337843000 JavaThread "Java2D Queue Flusher" daemon [_thread_blocked, id=50951, stack(0x0000700010569000,0x0000700010669000)]
  0x00007f9336015800 JavaThread "AppKit Thread" daemon [_thread_in_native, id=259, stack(0x00007ffee2699000,0x00007ffee2e99000)]
  0x00007f9336014800 JavaThread "Service Thread" daemon [_thread_blocked, id=17667, stack(0x000070000ff4e000,0x000070001004e000)]
  0x00007f933806a000 JavaThread "C1 CompilerThread3" daemon [_thread_blocked, id=16899, stack(0x000070000fe4b000,0x000070000ff4b000)]
  0x00007f9338069800 JavaThread "C2 CompilerThread2" daemon [_thread_blocked, id=18179, stack(0x000070000fd48000,0x000070000fe48000)]
  0x00007f9338068800 JavaThread "C2 CompilerThread1" daemon [_thread_blocked, id=18435, stack(0x000070000fc45000,0x000070000fd45000)]
  0x00007f933683a000 JavaThread "C2 CompilerThread0" daemon [_thread_blocked, id=18691, stack(0x000070000fb42000,0x000070000fc42000)]
  0x00007f9336838000 JavaThread "Monitor Ctrl-Break" daemon [_thread_in_native, id=18947, stack(0x000070000fa3f000,0x000070000fb3f000)]
  0x00007f9334040800 JavaThread "Signal Dispatcher" daemon [_thread_blocked, id=15875, stack(0x000070000f93c000,0x000070000fa3c000)]
  0x00007f9336817000 JavaThread "Finalizer" daemon [_thread_blocked, id=13315, stack(0x000070000f733000,0x000070000f833000)]
  0x00007f9334008800 JavaThread "Reference Handler" daemon [_thread_blocked, id=13059, stack(0x000070000f630000,0x000070000f730000)]
  0x00007f9336809800 JavaThread "main" [_thread_blocked, id=3331, stack(0x000070000ec12000,0x000070000ed12000)]

Other Threads:
  0x00007f9336816800 VMThread [stack: 0x000070000f52d000,0x000070000f62d000] [id=12547]
  0x00007f933688d000 WatcherThread [stack: 0x0000700010051000,0x0000700010151000] [id=21763]

=>0x00007f9337009000 (exited) GCTaskThread [stack: 0x000070000f01e000,0x000070000f11e000] [id=10755]

VM state:at safepoint (normal execution)

VM Mutex/Monitor currently owned by a thread:  ([mutex/lock_event])
[0x00007f9333d07f00] Threads_lock - owner thread: 0x00007f9336816800
[0x00007f9333d08400] Heap_lock - owner thread: 0x00007f9336809800

heap address: 0x00000006c0000000, size: 4096 MB, Compressed Oops mode: Zero based, Oop shift amount: 3
Narrow klass base: 0x0000000000000000, Narrow klass shift: 3
Compressed class space size: 1073741824 Address: 0x00000007c0000000

Heap:
 PSYoungGen      total 76288K, used 67232K [0x000000076ab00000, 0x0000000774000000, 0x00000007c0000000)
  eden space 65536K, 100% used [0x000000076ab00000,0x000000076eb00000,0x000000076eb00000)
  from space 10752K, 15% used [0x000000076eb00000,0x000000076eca8000,0x000000076f580000)
  to   space 10752K, 17% used [0x0000000773580000,0x0000000773760020,0x0000000774000000)
 ParOldGen       total 2796544K, used 2680039K [0x00000006c0000000, 0x000000076ab00000, 0x000000076ab00000)
  object space 2796544K, 95% used [0x00000006c0000000,0x0000000763939ff0,0x000000076ab00000)
 Metaspace       used 10168K, capacity 10408K, committed 10624K, reserved 1058816K
  class space    used 1235K, capacity 1339K, committed 1408K, reserved 1048576K

Card table byte_map: [0x00000001213c0000,0x0000000121bc1000] byte_map_base: 0x000000011ddc0000

Marking Bits: (ParMarkBitMap*) 0x000000010d4c4768
 Begin Bits: [0x0000000122117000, 0x0000000126117000)
 End Bits:   [0x0000000126117000, 0x000000012a117000)

Polling page: 0x000000010dbed000

CodeCache: size=245760Kb used=2243Kb max_used=2254Kb free=243516Kb
 bounds [0x0000000112000000, 0x0000000112270000, 0x0000000121000000]
 total_blobs=950 nmethods=480 adapters=384
 compilation: enabled

Compilation events (10 events):
Event: 1.185 Thread 0x00007f933806a000  476       3       java.util.LinkedHashMap::afterNodeInsertion (40 bytes)
Event: 1.186 Thread 0x00007f933806a000 nmethod 476 0x000000011222f450 code [0x000000011222f600, 0x000000011222fb48]
Event: 1.186 Thread 0x00007f933806a000  477       3       java.util.Properties::getProperty (46 bytes)
Event: 1.186 Thread 0x00007f9338069800  478  s    4       java.lang.StringBuffer::append (13 bytes)
Event: 1.186 Thread 0x00007f933806a000 nmethod 477 0x000000011222fcd0 code [0x000000011222fe60, 0x0000000112230378]
Event: 1.190 Thread 0x00007f9338069800 nmethod 478 0x00000001122336d0 code [0x0000000112233840, 0x0000000112233e78]
Event: 2.098 Thread 0x00007f933806a000  479       3       java.util.HashSet::isEmpty (8 bytes)
Event: 2.098 Thread 0x00007f933806a000 nmethod 479 0x0000000112233210 code [0x0000000112233380, 0x0000000112233610]
Event: 3.461 Thread 0x00007f933806a000  480       3       java.util.IdentityHashMap::isEmpty (13 bytes)
Event: 3.461 Thread 0x00007f933806a000 nmethod 480 0x0000000112232e90 code [0x0000000112233000, 0x00000001122331b0]

GC Heap History (3 events):
Event: 0.720 GC heap before
{Heap before GC invocations=1 (full 0):
 PSYoungGen      total 76288K, used 63113K [0x000000076ab00000, 0x0000000770000000, 0x00000007c0000000)
  eden space 65536K, 96% used [0x000000076ab00000,0x000000076e8a2708,0x000000076eb00000)
  from space 10752K, 0% used [0x000000076f580000,0x000000076f580000,0x0000000770000000)
  to   space 10752K, 0% used [0x000000076eb00000,0x000000076eb00000,0x000000076f580000)
 ParOldGen       total 175104K, used 0K [0x00000006c0000000, 0x00000006cab00000, 0x000000076ab00000)
  object space 175104K, 0% used [0x00000006c0000000,0x00000006c0000000,0x00000006cab00000)
 Metaspace       used 9838K, capacity 10088K, committed 10240K, reserved 1058816K
  class space    used 1198K, capacity 1275K, committed 1280K, reserved 1048576K
Event: 0.760 GC heap after
Heap after GC invocations=1 (full 0):
 PSYoungGen      total 76288K, used 1696K [0x000000076ab00000, 0x0000000774000000, 0x00000007c0000000)
  eden space 65536K, 0% used [0x000000076ab00000,0x000000076ab00000,0x000000076eb00000)
  from space 10752K, 15% used [0x000000076eb00000,0x000000076eca8000,0x000000076f580000)
  to   space 10752K, 0% used [0x0000000773580000,0x0000000773580000,0x0000000774000000)
 ParOldGen       total 175104K, used 16040K [0x00000006c0000000, 0x00000006cab00000, 0x000000076ab00000)
  object space 175104K, 9% used [0x00000006c0000000,0x00000006c0faa200,0x00000006cab00000)
 Metaspace       used 9838K, capacity 10088K, committed 10240K, reserved 1058816K
  class space    used 1198K, capacity 1275K, committed 1280K, reserved 1048576K
}
Event: 3.587 GC heap before
{Heap before GC invocations=2 (full 0):
 PSYoungGen      total 76288K, used 67232K [0x000000076ab00000, 0x0000000774000000, 0x00000007c0000000)
  eden space 65536K, 100% used [0x000000076ab00000,0x000000076eb00000,0x000000076eb00000)
  from space 10752K, 15% used [0x000000076eb00000,0x000000076eca8000,0x000000076f580000)
  to   space 10752K, 0% used [0x0000000773580000,0x0000000773580000,0x0000000774000000)
 ParOldGen       total 2796544K, used 2680031K [0x00000006c0000000, 0x000000076ab00000, 0x000000076ab00000)
  object space 2796544K, 95% used [0x00000006c0000000,0x0000000763937ff0,0x000000076ab00000)
 Metaspace       used 10168K, capacity 10408K, committed 10624K, reserved 1058816K
  class space    used 1235K, capacity 1339K, committed 1408K, reserved 1048576K

Deoptimization events (0 events):
No events

Classes redefined (0 events):
No events

Internal exceptions (10 events):
Event: 0.035 Thread 0x00007f9336809800 Exception <a 'java/lang/NoSuchMethodError': Method sun.misc.Unsafe.prefetchRead(Ljava/lang/Object;J)V name or signature does not match> (0x000000076ab07fa8) thrown at [/jenkins/workspace/8-2-build-macosx-x86_64/jdk8u271/605/hotspot/src/share/vm/prims/jni.
Event: 0.120 Thread 0x00007f9336809800 Exception <a 'java/security/PrivilegedActionException'> (0x000000076adf7748) thrown at [/jenkins/workspace/8-2-build-macosx-x86_64/jdk8u271/605/hotspot/src/share/vm/prims/jvm.cpp, line 1512]
Event: 0.120 Thread 0x00007f9336809800 Exception <a 'java/security/PrivilegedActionException'> (0x000000076adf7958) thrown at [/jenkins/workspace/8-2-build-macosx-x86_64/jdk8u271/605/hotspot/src/share/vm/prims/jvm.cpp, line 1512]
Event: 0.121 Thread 0x00007f9336809800 Exception <a 'java/security/PrivilegedActionException'> (0x000000076adfac88) thrown at [/jenkins/workspace/8-2-build-macosx-x86_64/jdk8u271/605/hotspot/src/share/vm/prims/jvm.cpp, line 1512]
Event: 0.121 Thread 0x00007f9336809800 Exception <a 'java/security/PrivilegedActionException'> (0x000000076adfae98) thrown at [/jenkins/workspace/8-2-build-macosx-x86_64/jdk8u271/605/hotspot/src/share/vm/prims/jvm.cpp, line 1512]
Event: 0.162 Thread 0x00007f9336809800 Exception <a 'java/lang/NoSuchFieldError': method resolution failed> (0x000000076b077438) thrown at [/jenkins/workspace/8-2-build-macosx-x86_64/jdk8u271/605/hotspot/src/share/vm/prims/methodHandles.cpp, line 1169]
Event: 0.163 Thread 0x00007f9336809800 Exception <a 'java/lang/NoSuchFieldError': method resolution failed> (0x000000076b0856b0) thrown at [/jenkins/workspace/8-2-build-macosx-x86_64/jdk8u271/605/hotspot/src/share/vm/prims/methodHandles.cpp, line 1169]
Event: 0.392 Thread 0x00007f9336809800 Exception <a 'java/io/FileNotFoundException'> (0x000000076b126260) thrown at [/jenkins/workspace/8-2-build-macosx-x86_64/jdk8u271/605/hotspot/src/share/vm/prims/jni.cpp, line 710]
Event: 0.392 Thread 0x00007f9336809800 Exception <a 'java/io/FileNotFoundException'> (0x000000076b126df0) thrown at [/jenkins/workspace/8-2-build-macosx-x86_64/jdk8u271/605/hotspot/src/share/vm/prims/jni.cpp, line 710]
Event: 0.405 Thread 0x00007f9336809800 Exception <a 'java/io/FileNotFoundException'> (0x000000076b170660) thrown at [/jenkins/workspace/8-2-build-macosx-x86_64/jdk8u271/605/hotspot/src/share/vm/prims/jni.cpp, line 710]

Events (10 events):
Event: 2.098 loading class java/util/IdentityHashMap$IdentityHashMapIterator
Event: 2.098 loading class java/util/IdentityHashMap$IdentityHashMapIterator done
Event: 2.098 loading class java/util/IdentityHashMap$ValueIterator done
Event: 2.098 loading class sun/awt/AppContext$PostShutdownEventRunnable
Event: 2.098 loading class sun/awt/AppContext$PostShutdownEventRunnable done
Event: 2.098 loading class sun/awt/AWTAutoShutdown$1
Event: 2.098 loading class sun/awt/AWTAutoShutdown$1 done
Event: 2.098 Thread 0x00007f9338173800 Thread exited: 0x00007f9338173800
Event: 3.452 Thread 0x00007f9336154000 Thread added: 0x00007f9336154000
Event: 3.587 Executing VM operation: ParallelGCFailedAllocation


Dynamic libraries:
0x00007fff34f74000 	/System/Library/Frameworks/Cocoa.framework/Versions/A/Cocoa
0x00007fff22340000 	/System/Library/Frameworks/Security.framework/Versions/A/Security
0x00007fff33197000 	/System/Library/Frameworks/ApplicationServices.framework/Versions/A/ApplicationServices
0x00007fff2a5a4000 	/usr/lib/libz.1.dylib
0x00007fff2a66c000 	/usr/lib/libSystem.B.dylib
0x00007fff20531000 	/System/Library/Frameworks/CoreFoundation.framework/Versions/A/CoreFoundation
0x00007fff212db000 	/System/Library/Frameworks/Foundation.framework/Versions/C/Foundation
0x00007fff20351000 	/usr/lib/libobjc.A.dylib
0x00007fff22d6e000 	/System/Library/Frameworks/AppKit.framework/Versions/C/AppKit
0x00007fff25c24000 	/System/Library/Frameworks/CoreData.framework/Versions/A/CoreData
0x00007fff23ab6000 	/System/Library/PrivateFrameworks/UIFoundation.framework/Versions/A/UIFoundation
0x00007fff2fc79000 	/System/Library/PrivateFrameworks/RemoteViewServices.framework/Versions/A/RemoteViewServices
0x00007fff28ab1000 	/System/Library/PrivateFrameworks/XCTTargetBootstrap.framework/Versions/A/XCTTargetBootstrap
0x00007fff2b78c000 	/usr/lib/libspindump.dylib
0x00007fff23d05000 	/System/Library/Frameworks/UniformTypeIdentifiers.framework/Versions/A/UniformTypeIdentifiers
0x00007fff272b5000 	/usr/lib/libapp_launch_measurement.dylib
0x00007fff272b8000 	/System/Library/PrivateFrameworks/CoreAutoLayout.framework/Versions/A/CoreAutoLayout
0x00007fff28418000 	/System/Library/Frameworks/Metal.framework/Versions/A/Metal
0x00007fff2910d000 	/usr/lib/liblangid.dylib
0x00007fff28ab5000 	/System/Library/PrivateFrameworks/CoreSVG.framework/Versions/A/CoreSVG
0x00007fff24d3d000 	/System/Library/PrivateFrameworks/SkyLight.framework/Versions/A/SkyLight
0x00007fff250a1000 	/System/Library/Frameworks/CoreGraphics.framework/Versions/A/CoreGraphics
0x00007fff3019b000 	/System/Library/Frameworks/Accelerate.framework/Versions/A/Accelerate
0x00007fff2b1cb000 	/System/Library/PrivateFrameworks/IconServices.framework/Versions/A/IconServices
0x00007fff283fc000 	/System/Library/Frameworks/IOSurface.framework/Versions/A/IOSurface
0x00007fff265a5000 	/usr/lib/libDiagnosticMessagesClient.dylib
0x00007fff28a9d000 	/System/Library/PrivateFrameworks/DFRFoundation.framework/Versions/A/DFRFoundation
0x00007fff22695000 	/usr/lib/libicucore.A.dylib
0x00007fff2cccb000 	/System/Library/Frameworks/AudioToolbox.framework/Versions/A/AudioToolbox
0x00007fff2bf5d000 	/System/Library/PrivateFrameworks/DataDetectorsCore.framework/Versions/A/DataDetectorsCore
0x00007fff24cb1000 	/usr/lib/libMobileGestalt.dylib
0x00007fff287a1000 	/System/Library/Frameworks/Carbon.framework/Versions/A/Frameworks/HIToolbox.framework/Versions/A/HIToolbox
0x00007fff26cff000 	/System/Library/Frameworks/QuartzCore.framework/Versions/A/QuartzCore
0x00007fff2fcb1000 	/System/Library/Frameworks/Carbon.framework/Versions/A/Frameworks/SpeechRecognition.framework/Versions/A/SpeechRecognition
0x00007fff2701e000 	/System/Library/PrivateFrameworks/CoreUI.framework/Versions/A/CoreUI
0x00007fff21caf000 	/System/Library/Frameworks/CoreAudio.framework/Versions/A/CoreAudio
0x00007fff26690000 	/System/Library/Frameworks/DiskArbitration.framework/Versions/A/DiskArbitration
0x00007fff2bb5a000 	/System/Library/PrivateFrameworks/MultitouchSupport.framework/Versions/A/MultitouchSupport
0x00007fff2bf54000 	/System/Library/PrivateFrameworks/InternationalSupport.framework/Versions/A/InternationalSupport
0x00007fff24cb0000 	/usr/lib/libenergytrace.dylib
0x00007fff22c65000 	/System/Library/Frameworks/IOKit.framework/Versions/A/IOKit
0x00007fff2ffe4000 	/System/Library/Frameworks/CoreServices.framework/Versions/A/CoreServices
0x00007fff2724b000 	/System/Library/PrivateFrameworks/PerformanceAnalysis.framework/Versions/A/PerformanceAnalysis
0x00007fff6ba1f000 	/System/Library/Frameworks/OpenGL.framework/Versions/A/OpenGL
0x00007fff2bfd8000 	/System/Library/PrivateFrameworks/UserActivity.framework/Versions/A/UserActivity
0x00007fff2572b000 	/System/Library/Frameworks/ColorSync.framework/Versions/A/ColorSync
0x00007fff28d1b000 	/System/Library/Frameworks/CoreImage.framework/Versions/A/CoreImage
0x00007fff21aca000 	/System/Library/Frameworks/CoreText.framework/Versions/A/CoreText
0x00007fff28adf000 	/System/Library/Frameworks/ImageIO.framework/Versions/A/ImageIO
0x00007fff2a672000 	/System/Library/PrivateFrameworks/SoftLinking.framework/Versions/A/SoftLinking
0x00007fff27300000 	/usr/lib/libxml2.2.dylib
0x00007fff20417000 	/usr/lib/libc++.1.dylib
0x00007fff2a8e3000 	/usr/lib/libcompression.dylib
0x00007fff2be86000 	/System/Library/PrivateFrameworks/TextureIO.framework/Versions/A/TextureIO
0x00007fff2af0a000 	/usr/lib/libate.dylib
0x00007fff2a666000 	/usr/lib/system/libcache.dylib
0x00007fff2a622000 	/usr/lib/system/libcommonCrypto.dylib
0x00007fff2a64c000 	/usr/lib/system/libcompiler_rt.dylib
0x00007fff2a641000 	/usr/lib/system/libcopyfile.dylib
0x00007fff20241000 	/usr/lib/system/libcorecrypto.dylib
0x00007fff2030c000 	/usr/lib/system/libdispatch.dylib
0x00007fff204bf000 	/usr/lib/system/libdyld.dylib
0x00007fff2a65d000 	/usr/lib/system/libkeymgr.dylib
0x00007fff2da62000 	/usr/lib/system/liblaunch.dylib
0x00007fff2a600000 	/usr/lib/system/libmacho.dylib
0x00007fff29df8000 	/usr/lib/system/libquarantine.dylib
0x00007fff2a65a000 	/usr/lib/system/libremovefile.dylib
0x00007fff24d0e000 	/usr/lib/system/libsystem_asl.dylib
0x00007fff201f1000 	/usr/lib/system/libsystem_blocks.dylib
0x00007fff2038e000 	/usr/lib/system/libsystem_c.dylib
0x00007fff2a654000 	/usr/lib/system/libsystem_collections.dylib
0x00007fff290fe000 	/usr/lib/system/libsystem_configuration.dylib
0x00007fff283eb000 	/usr/lib/system/libsystem_containermanager.dylib
0x00007fff2a3a3000 	/usr/lib/system/libsystem_coreservices.dylib
0x00007fff228f5000 	/usr/lib/system/libsystem_darwin.dylib
0x00007fff2a65e000 	/usr/lib/system/libsystem_dnssd.dylib
0x00007fff2038b000 	/usr/lib/system/libsystem_featureflags.dylib
0x00007fff20505000 	/usr/lib/system/libsystem_info.dylib
0x00007fff2a5b7000 	/usr/lib/system/libsystem_m.dylib
0x00007fff202df000 	/usr/lib/system/libsystem_malloc.dylib
0x00007fff24ca1000 	/usr/lib/system/libsystem_networkextension.dylib
0x00007fff22d14000 	/usr/lib/system/libsystem_notify.dylib
0x00007fff2fee6000 	/usr/lib/system/libsystem_product_info_filter.dylib
0x00007fff29102000 	/usr/lib/system/libsystem_sandbox.dylib
0x00007fff2a657000 	/usr/lib/system/libsystem_secinit.dylib
0x00007fff20483000 	/usr/lib/system/libsystem_kernel.dylib
0x00007fff204fb000 	/usr/lib/system/libsystem_platform.dylib
0x00007fff204b3000 	/usr/lib/system/libsystem_pthread.dylib
0x00007fff263e8000 	/usr/lib/system/libsystem_symptoms.dylib
0x00007fff20229000 	/usr/lib/system/libsystem_trace.dylib
0x00007fff2a62e000 	/usr/lib/system/libunwind.dylib
0x00007fff201f3000 	/usr/lib/system/libxpc.dylib
0x00007fff2046d000 	/usr/lib/libc++abi.dylib
0x00007fff2a639000 	/usr/lib/liboah.dylib
0x00007fff2acf0000 	/usr/lib/liblzma.5.dylib
0x00007fff20fef000 	/System/Library/Frameworks/SystemConfiguration.framework/Versions/A/SystemConfiguration
0x00007fff2a66e000 	/usr/lib/libfakelink.dylib
0x00007fff24802000 	/System/Library/Frameworks/CFNetwork.framework/Versions/A/CFNetwork
0x00007fff2a7ae000 	/usr/lib/libarchive.2.dylib
0x00007fff2106d000 	/usr/lib/libCRFSuite.dylib
0x00007fff29e1f000 	/usr/lib/libbsm.0.dylib
0x00007fff24182000 	/usr/lib/libnetwork.dylib
0x00007fff2a673000 	/usr/lib/libpcap.A.dylib
0x00007fff263e1000 	/usr/lib/libdns_services.dylib
0x00007fff2ad09000 	/usr/lib/libcoretls_cfhelpers.dylib
0x00007fff2a8ad000 	/usr/lib/libapple_nghttp2.dylib
0x00007fff2a606000 	/usr/lib/system/libkxld.dylib
0x00007fff2605a000 	/usr/lib/libsqlite3.dylib
0x00007fff2a386000 	/System/Library/PrivateFrameworks/AppleFSCompression.framework/Versions/A/AppleFSCompression
0x00007fff29e07000 	/usr/lib/libcoretls.dylib
0x00007fff2a8de000 	/usr/lib/libpam.2.dylib
0x00007fff2ae06000 	/usr/lib/libxar.1.dylib
0x00007fff29109000 	/System/Library/PrivateFrameworks/AppleSystemInfo.framework/Versions/A/AppleSystemInfo
0x00007fff29a49000 	/System/Library/PrivateFrameworks/IOMobileFramebuffer.framework/Versions/A/IOMobileFramebuffer
0x00007fff2a396000 	/usr/lib/libbz2.1.0.dylib
0x00007fff2a6ab000 	/usr/lib/libiconv.2.dylib
0x00007fff2a5ff000 	/usr/lib/libcharset.1.dylib
0x00007fff27287000 	/System/Library/Frameworks/CoreServices.framework/Versions/A/Frameworks/FSEvents.framework/Versions/A/FSEvents
0x00007fff228ff000 	/System/Library/Frameworks/CoreServices.framework/Versions/A/Frameworks/CarbonCore.framework/Versions/A/CarbonCore
0x00007fff265f5000 	/System/Library/Frameworks/CoreServices.framework/Versions/A/Frameworks/Metadata.framework/Versions/A/Metadata
0x00007fff2a3a8000 	/System/Library/Frameworks/CoreServices.framework/Versions/A/Frameworks/OSServices.framework/Versions/A/OSServices
0x00007fff2a820000 	/System/Library/Frameworks/CoreServices.framework/Versions/A/Frameworks/SearchKit.framework/Versions/A/SearchKit
0x00007fff2636c000 	/System/Library/Frameworks/CoreServices.framework/Versions/A/Frameworks/AE.framework/Versions/A/AE
0x00007fff209cf000 	/System/Library/Frameworks/CoreServices.framework/Versions/A/Frameworks/LaunchServices.framework/Versions/A/LaunchServices
0x00007fff2aca0000 	/System/Library/Frameworks/CoreServices.framework/Versions/A/Frameworks/DictionaryServices.framework/Versions/A/DictionaryServices
0x00007fff27290000 	/System/Library/Frameworks/CoreServices.framework/Versions/A/Frameworks/SharedFileList.framework/Versions/A/SharedFileList
0x00007fff29dfb000 	/usr/lib/libCheckFix.dylib
0x00007fff24d25000 	/System/Library/PrivateFrameworks/TCC.framework/Versions/A/TCC
0x00007fff2910f000 	/System/Library/PrivateFrameworks/CoreNLP.framework/Versions/A/CoreNLP
0x00007fff265a8000 	/System/Library/PrivateFrameworks/MetadataUtilities.framework/Versions/A/MetadataUtilities
0x00007fff210a2000 	/usr/lib/libmecabra.dylib
0x00007fff2a105000 	/System/Library/Frameworks/MLCompute.framework/Versions/A/MLCompute
0x00007fff29e30000 	/usr/lib/libmecab.dylib
0x00007fff29e7a000 	/usr/lib/libgermantok.dylib
0x00007fff2a888000 	/usr/lib/libThaiTokenizer.dylib
0x00007fff2ae41000 	/usr/lib/libChineseTokenizer.dylib
0x00007fff2a8dc000 	/System/Library/Frameworks/MetalPerformanceShaders.framework/Versions/A/MetalPerformanceShaders
0x00007fff26697000 	/System/Library/Frameworks/Accelerate.framework/Versions/A/Frameworks/vImage.framework/Versions/A/vImage
0x00007fff2ffbe000 	/System/Library/Frameworks/Accelerate.framework/Versions/A/Frameworks/vecLib.framework/Versions/A/vecLib
0x00007fff2ae4c000 	/System/Library/Frameworks/Accelerate.framework/Versions/A/Frameworks/vecLib.framework/Versions/A/libvMisc.dylib
0x00007fff29864000 	/System/Library/Frameworks/Accelerate.framework/Versions/A/Frameworks/vecLib.framework/Versions/A/libvDSP.dylib
0x00007fff20cd6000 	/System/Library/Frameworks/Accelerate.framework/Versions/A/Frameworks/vecLib.framework/Versions/A/libBLAS.dylib
0x00007fff2a902000 	/System/Library/Frameworks/Accelerate.framework/Versions/A/Frameworks/vecLib.framework/Versions/A/libLAPACK.dylib
0x00007fff29e80000 	/System/Library/Frameworks/Accelerate.framework/Versions/A/Frameworks/vecLib.framework/Versions/A/libLinearAlgebra.dylib
0x00007fff2a8c5000 	/System/Library/Frameworks/Accelerate.framework/Versions/A/Frameworks/vecLib.framework/Versions/A/libSparseBLAS.dylib
0x00007fff2a8fc000 	/System/Library/Frameworks/Accelerate.framework/Versions/A/Frameworks/vecLib.framework/Versions/A/libQuadrature.dylib
0x00007fff291bb000 	/System/Library/Frameworks/Accelerate.framework/Versions/A/Frameworks/vecLib.framework/Versions/A/libBNNS.dylib
0x00007fff20f80000 	/System/Library/Frameworks/Accelerate.framework/Versions/A/Frameworks/vecLib.framework/Versions/A/libSparse.dylib
0x00007fff29097000 	/System/Library/Frameworks/MetalPerformanceShaders.framework/Versions/A/Frameworks/MPSCore.framework/Versions/A/MPSCore
0x00007fff2a2f5000 	/System/Library/Frameworks/MetalPerformanceShaders.framework/Versions/A/Frameworks/MPSImage.framework/Versions/A/MPSImage
0x00007fff29e96000 	/System/Library/Frameworks/MetalPerformanceShaders.framework/Versions/A/Frameworks/MPSNeuralNetwork.framework/Versions/A/MPSNeuralNetwork
0x00007fff2a267000 	/System/Library/Frameworks/MetalPerformanceShaders.framework/Versions/A/Frameworks/MPSMatrix.framework/Versions/A/MPSMatrix
0x00007fff2a0b5000 	/System/Library/Frameworks/MetalPerformanceShaders.framework/Versions/A/Frameworks/MPSRayIntersector.framework/Versions/A/MPSRayIntersector
0x00007fff2a29e000 	/System/Library/Frameworks/MetalPerformanceShaders.framework/Versions/A/Frameworks/MPSNDArray.framework/Versions/A/MPSNDArray
0x00007fff20c02000 	/System/Library/PrivateFrameworks/MetalTools.framework/Versions/A/MetalTools
0x00007fff29107000 	/System/Library/PrivateFrameworks/AggregateDictionary.framework/Versions/A/AggregateDictionary
0x00007fff26575000 	/System/Library/PrivateFrameworks/CoreAnalytics.framework/Versions/A/CoreAnalytics
0x00007fff2a88a000 	/System/Library/PrivateFrameworks/AppleSauce.framework/Versions/A/AppleSauce
0x00007fff2840e000 	/System/Library/PrivateFrameworks/IOAccelerator.framework/Versions/A/IOAccelerator
0x00007fff6ba13000 	/System/Library/Frameworks/OpenGL.framework/Versions/A/Libraries/libCoreFSCache.dylib
0x00007fff21639000 	/System/Library/PrivateFrameworks/LanguageModeling.framework/Versions/A/LanguageModeling
0x00007fff29a37000 	/System/Library/PrivateFrameworks/CoreEmoji.framework/Versions/A/CoreEmoji
0x00007fff291b4000 	/System/Library/PrivateFrameworks/LinguisticData.framework/Versions/A/LinguisticData
0x00007fff20f33000 	/System/Library/PrivateFrameworks/Lexicon.framework/Versions/A/Lexicon
0x00007fff2a79c000 	/usr/lib/libcmph.dylib
0x00007fff27267000 	/System/Library/Frameworks/OpenDirectory.framework/Versions/A/Frameworks/CFOpenDirectory.framework/Versions/A/CFOpenDirectory
0x00007fff27257000 	/System/Library/Frameworks/OpenDirectory.framework/Versions/A/OpenDirectory
0x00007fff2ad0b000 	/System/Library/PrivateFrameworks/APFS.framework/Versions/A/APFS
0x00007fff29d5d000 	/System/Library/Frameworks/SecurityFoundation.framework/Versions/A/SecurityFoundation
0x00007fff2ae14000 	/usr/lib/libutil.dylib
0x00007fff22c2a000 	/System/Library/PrivateFrameworks/CoreServicesStore.framework/Versions/A/CoreServicesStore
0x00007fff29df3000 	/System/Library/Frameworks/ServiceManagement.framework/Versions/A/ServiceManagement
0x00007fff2ae18000 	/usr/lib/libxslt.1.dylib
0x00007fff29de9000 	/System/Library/PrivateFrameworks/BackgroundTaskManagement.framework/Versions/A/BackgroundTaskManagement
0x00007fff2bdd0000 	/System/Library/Frameworks/ImageIO.framework/Versions/A/Resources/libRadiance.dylib
0x00007fff2bdda000 	/System/Library/Frameworks/ImageIO.framework/Versions/A/Resources/libJPEG.dylib
0x00007fff2bd24000 	/System/Library/Frameworks/ImageIO.framework/Versions/A/Resources/libPng.dylib
0x00007fff2bd4b000 	/System/Library/Frameworks/ImageIO.framework/Versions/A/Resources/libTIFF.dylib
0x00007fff2be2f000 	/System/Library/Frameworks/ImageIO.framework/Versions/A/Resources/libGIF.dylib
0x00007fff2ba76000 	/System/Library/Frameworks/ImageIO.framework/Versions/A/Resources/libJP2.dylib
0x00007fff2b193000 	/usr/lib/libexpat.1.dylib
0x00007fff2ba2c000 	/System/Library/PrivateFrameworks/AppleJPEG.framework/Versions/A/AppleJPEG
0x00007fff28644000 	/System/Library/PrivateFrameworks/FontServices.framework/libFontParser.dylib
0x00007fff26323000 	/System/Library/PrivateFrameworks/RunningBoardServices.framework/Versions/A/RunningBoardServices
0x00007fff2bb56000 	/System/Library/PrivateFrameworks/WatchdogClient.framework/Versions/A/WatchdogClient
0x00007fff21722000 	/System/Library/Frameworks/CoreDisplay.framework/Versions/A/CoreDisplay
0x00007fff28559000 	/System/Library/Frameworks/CoreMedia.framework/Versions/A/CoreMedia
0x00007fff273e3000 	/System/Library/Frameworks/CoreVideo.framework/Versions/A/CoreVideo
0x00007fff2bb91000 	/System/Library/Frameworks/VideoToolbox.framework/Versions/A/VideoToolbox
0x00007fff262a3000 	/System/Library/PrivateFrameworks/BaseBoard.framework/Versions/A/BaseBoard
0x00007fff2b2d6000 	/System/Library/PrivateFrameworks/PersistentConnection.framework/Versions/A/PersistentConnection
0x00007fff26044000 	/System/Library/PrivateFrameworks/ProtocolBuffer.framework/Versions/A/ProtocolBuffer
0x00007fff2628b000 	/System/Library/PrivateFrameworks/CommonUtilities.framework/Versions/A/CommonUtilities
0x00007fff2b9ef000 	/System/Library/PrivateFrameworks/Bom.framework/Versions/A/Bom
0x00007fff2bdc8000 	/System/Library/PrivateFrameworks/GPUWrangler.framework/Versions/A/GPUWrangler
0x00007fff2bdab000 	/System/Library/PrivateFrameworks/IOPresentment.framework/Versions/A/IOPresentment
0x00007fff2bdd4000 	/System/Library/PrivateFrameworks/DSExternalDisplay.framework/Versions/A/DSExternalDisplay
0x00007fff2be34000 	/System/Library/PrivateFrameworks/CMCaptureCore.framework/Versions/A/CMCaptureCore
0x00007fff2b772000 	/System/Library/PrivateFrameworks/AppServerSupport.framework/Versions/A/AppServerSupport
0x00007fff2d805000 	/System/Library/PrivateFrameworks/perfdata.framework/Versions/A/perfdata
0x00007fff29d4c000 	/System/Library/PrivateFrameworks/AssertionServices.framework/Versions/A/AssertionServices
0x00007fff21859000 	/System/Library/PrivateFrameworks/AudioToolboxCore.framework/Versions/A/AudioToolboxCore
0x00007fff2853c000 	/System/Library/PrivateFrameworks/caulk.framework/Versions/A/caulk
0x00007fff3cbfa000 	/System/Library/PrivateFrameworks/SystemPolicy.framework/Versions/A/SystemPolicy
0x00007fff2afa2000 	/usr/lib/libIOReport.dylib
0x00007fff2d041000 	/usr/lib/libSMC.dylib
0x00007fff2bcf0000 	/usr/lib/libAudioToolboxUtility.dylib
0x00007fff3d555000 	/usr/lib/libmis.dylib
0x00007fff6ba6f000 	/System/Library/Frameworks/OpenGL.framework/Versions/A/Libraries/libGLU.dylib
0x00007fff6ba32000 	/System/Library/Frameworks/OpenGL.framework/Versions/A/Libraries/libGFXShared.dylib
0x00007fff6bc40000 	/System/Library/Frameworks/OpenGL.framework/Versions/A/Libraries/libGL.dylib
0x00007fff6ba3b000 	/System/Library/Frameworks/OpenGL.framework/Versions/A/Libraries/libGLImage.dylib
0x00007fff6ba2f000 	/System/Library/Frameworks/OpenGL.framework/Versions/A/Libraries/libCVMSPluginSupport.dylib
0x00007fff6ba1a000 	/System/Library/Frameworks/OpenGL.framework/Versions/A/Libraries/libCoreVMClient.dylib
0x00007fff6d08a000 	/System/Library/Frameworks/OpenCL.framework/Versions/A/OpenCL
0x00007fff2b2ff000 	/System/Library/PrivateFrameworks/GraphVisualizer.framework/Versions/A/GraphVisualizer
0x00007fff2b30e000 	/System/Library/PrivateFrameworks/FaceCore.framework/Versions/A/FaceCore
0x00007fff2b72a000 	/System/Library/PrivateFrameworks/OTSVG.framework/Versions/A/OTSVG
0x00007fff26fdc000 	/System/Library/Frameworks/ApplicationServices.framework/Versions/A/Frameworks/ATS.framework/Versions/A/Resources/libFontRegistry.dylib
0x00007fff2b779000 	/System/Library/PrivateFrameworks/FontServices.framework/libhvf.dylib
0x00007fff2b13f000 	/System/Library/PrivateFrameworks/AppleVA.framework/Versions/A/AppleVA
0x00007fff2ce89000 	/System/Library/Frameworks/ApplicationServices.framework/Versions/A/Frameworks/ATS.framework/Versions/A/ATS
0x00007fff2d19c000 	/System/Library/Frameworks/ApplicationServices.framework/Versions/A/Frameworks/ColorSyncLegacy.framework/Versions/A/ColorSyncLegacy
0x00007fff25822000 	/System/Library/Frameworks/ApplicationServices.framework/Versions/A/Frameworks/HIServices.framework/Versions/A/HIServices
0x00007fff2d181000 	/System/Library/Frameworks/ApplicationServices.framework/Versions/A/Frameworks/LangAnalysis.framework/Versions/A/LangAnalysis
0x00007fff2be3e000 	/System/Library/Frameworks/ApplicationServices.framework/Versions/A/Frameworks/PrintCore.framework/Versions/A/PrintCore
0x00007fff2d1a4000 	/System/Library/Frameworks/ApplicationServices.framework/Versions/A/Frameworks/QD.framework/Versions/A/QD
0x00007fff2ce79000 	/System/Library/Frameworks/ApplicationServices.framework/Versions/A/Frameworks/SpeechSynthesis.framework/Versions/A/SpeechSynthesis
0x00007fff2bdff000 	/System/Library/Frameworks/ApplicationServices.framework/Versions/A/Frameworks/ATSUI.framework/Versions/A/ATSUI
0x00007fff2d121000 	/usr/lib/libcups.2.dylib
0x00007fff2d191000 	/System/Library/PrivateFrameworks/NetAuth.framework/Versions/A/NetAuth
0x00007fff2d820000 	/System/Library/Frameworks/Kerberos.framework/Versions/A/Kerberos
0x00007fff2d830000 	/System/Library/Frameworks/GSS.framework/Versions/A/GSS
0x00007fff2cef6000 	/usr/lib/libresolv.9.dylib
0x00007fff2b78f000 	/System/Library/PrivateFrameworks/Heimdal.framework/Versions/A/Heimdal
0x00007fff334ac000 	/System/Library/Frameworks/Kerberos.framework/Versions/A/Libraries/libHeimdalProxy.dylib
0x00007fff263f0000 	/System/Library/Frameworks/Network.framework/Versions/A/Network
0x00007fff2b1ac000 	/usr/lib/libheimdal-asn1.dylib
0x00007fff2d881000 	/System/Library/PrivateFrameworks/CommonAuth.framework/Versions/A/CommonAuth
0x00007fff27431000 	/System/Library/PrivateFrameworks/login.framework/Versions/A/Frameworks/loginsupport.framework/Versions/A/loginsupport
0x00007fff2ce00000 	/System/Library/PrivateFrameworks/AudioSession.framework/Versions/A/AudioSession
0x00007fff2ce66000 	/usr/lib/libAudioStatistics.dylib
0x00007fff2b238000 	/System/Library/PrivateFrameworks/MediaExperience.framework/Versions/A/MediaExperience
0x00007fff2cc99000 	/System/Library/PrivateFrameworks/AudioSession.framework/libSessionUtility.dylib
0x00007fff2d811000 	/usr/lib/libperfcheck.dylib
0x00007fff2d1b0000 	/System/Library/PrivateFrameworks/AudioResourceArbitration.framework/Versions/A/AudioResourceArbitration
0x00007fff2b1b6000 	/System/Library/PrivateFrameworks/IconFoundation.framework/Versions/A/IconFoundation
0x00007fff2fca1000 	/System/Library/PrivateFrameworks/SpeechRecognitionCore.framework/Versions/A/SpeechRecognitionCore
0x000000010cd9b000 	/Library/Java/JavaVirtualMachines/jdk1.8.0_271.jdk/Contents/Home/jre/lib/server/libjvm.dylib
0x000000010dba9000 	/Library/Java/JavaVirtualMachines/jdk1.8.0_271.jdk/Contents/Home/jre/lib/libverify.dylib
0x000000010dbba000 	/Library/Java/JavaVirtualMachines/jdk1.8.0_271.jdk/Contents/Home/jre/lib/libjava.dylib
0x000000010dbee000 	/Library/Java/JavaVirtualMachines/jdk1.8.0_271.jdk/Contents/Home/jre/lib/libinstrument.dylib
0x000000010dc5d000 	/Library/Java/JavaVirtualMachines/jdk1.8.0_271.jdk/Contents/Home/jre/lib/libzip.dylib
0x000000010dd7d000 	/Library/Java/JavaVirtualMachines/jdk1.8.0_271.jdk/Contents/Home/jre/lib/libnet.dylib
0x000000012d0a6000 	/Library/Java/JavaVirtualMachines/jdk1.8.0_271.jdk/Contents/Home/jre/lib/libawt.dylib
0x000000012d146000 	/Library/Java/JavaVirtualMachines/jdk1.8.0_271.jdk/Contents/Home/jre/lib/libmlib_image.dylib
0x00007fff6e9bb000 	/System/Library/Frameworks/JavaNativeFoundation.framework/Versions/A/JavaNativeFoundation
0x00007fff6e9c7000 	/System/Library/Frameworks/JavaRuntimeSupport.framework/Versions/A/JavaRuntimeSupport
0x00007fff3c944000 	/System/Library/Frameworks/Carbon.framework/Versions/A/Carbon
0x00007fff31b05000 	/System/Library/PrivateFrameworks/CoreSymbolication.framework/Versions/A/CoreSymbolication
0x00007fff363f4000 	/System/Library/Frameworks/Carbon.framework/Versions/A/Frameworks/CommonPanels.framework/Versions/A/CommonPanels
0x00007fff32f42000 	/System/Library/Frameworks/Carbon.framework/Versions/A/Frameworks/Help.framework/Versions/A/Help
0x00007fff363f8000 	/System/Library/Frameworks/Carbon.framework/Versions/A/Frameworks/ImageCapture.framework/Versions/A/ImageCapture
0x00007fff363c8000 	/System/Library/Frameworks/Carbon.framework/Versions/A/Frameworks/OpenScripting.framework/Versions/A/OpenScripting
0x00007fff363f0000 	/System/Library/Frameworks/Carbon.framework/Versions/A/Frameworks/Ink.framework/Versions/A/Ink
0x00007fff3c940000 	/System/Library/Frameworks/Carbon.framework/Versions/A/Frameworks/Print.framework/Versions/A/Print
0x00007fff363ec000 	/System/Library/Frameworks/Carbon.framework/Versions/A/Frameworks/SecurityHI.framework/Versions/A/SecurityHI
0x00007fff31ac9000 	/System/Library/PrivateFrameworks/DebugSymbols.framework/Versions/A/DebugSymbols
0x000000012d205000 	/Library/Java/JavaVirtualMachines/jdk1.8.0_271.jdk/Contents/Home/jre/lib/libawt_lwawt.dylib
0x000000010dd97000 	/Library/Java/JavaVirtualMachines/jdk1.8.0_271.jdk/Contents/Home/jre/lib/libosxapp.dylib
0x00007fff3bf5b000 	/System/Library/Frameworks/ExceptionHandling.framework/Versions/A/ExceptionHandling
0x00007fff22beb000 	/System/Library/PrivateFrameworks/CoreServicesInternal.framework/Versions/A/CoreServicesInternal
0x00007fff31022000 	/System/Library/Frameworks/FileProvider.framework/Versions/A/FileProvider
0x00007fff2620e000 	/System/Library/Frameworks/Accounts.framework/Versions/A/Accounts
0x00007fff31171000 	/System/Library/PrivateFrameworks/GenerationalStorage.framework/Versions/A/GenerationalStorage
0x00007fff30a42000 	/System/Library/PrivateFrameworks/SymptomDiagnosticReporter.framework/Versions/A/SymptomDiagnosticReporter
0x00007fff23d18000 	/System/Library/PrivateFrameworks/DesktopServicesPriv.framework/Versions/A/DesktopServicesPriv
0x00007fff22d20000 	/usr/lib/libsandbox.1.dylib
0x00007fff2745c000 	/System/Library/PrivateFrameworks/UserManagement.framework/Versions/A/UserManagement
0x00007fff29d29000 	/System/Library/PrivateFrameworks/MobileKeyBag.framework/Versions/A/MobileKeyBag
0x00007fff34526000 	/System/Library/PrivateFrameworks/ChunkingLibrary.framework/Versions/A/ChunkingLibrary
0x00007fff2e243000 	/System/Library/PrivateFrameworks/Sharing.framework/Versions/A/Sharing
0x00007fff32aaf000 	/System/Library/PrivateFrameworks/Apple80211.framework/Versions/A/Apple80211
0x00007fff2a3d6000 	/System/Library/PrivateFrameworks/AuthKit.framework/Versions/A/AuthKit
0x00007fff29b27000 	/System/Library/PrivateFrameworks/CoreUtils.framework/Versions/A/CoreUtils
0x00007fff29a54000 	/System/Library/Frameworks/CoreWLAN.framework/Versions/A/CoreWLAN
0x00007fff2e38f000 	/System/Library/Frameworks/IOBluetooth.framework/Versions/A/IOBluetooth
0x00007fff32b13000 	/System/Library/PrivateFrameworks/CoreWiFi.framework/Versions/A/CoreWiFi
0x00007fff2d907000 	/System/Library/PrivateFrameworks/CorePhoneNumbers.framework/Versions/A/CorePhoneNumbers
0x00007fff30b49000 	/System/Library/PrivateFrameworks/DiskManagement.framework/Versions/A/DiskManagement
0x00007fff30a5f000 	/System/Library/PrivateFrameworks/AppleIDAuthSupport.framework/Versions/A/AppleIDAuthSupport
0x00007fff2d8e7000 	/System/Library/PrivateFrameworks/KeychainCircle.framework/Versions/A/KeychainCircle
0x00007fff30b15000 	/System/Library/PrivateFrameworks/MediaKit.framework/Versions/A/MediaKit
0x00007fff30a6c000 	/System/Library/Frameworks/DiscRecording.framework/Versions/A/DiscRecording
0x00007fff2b0b3000 	/usr/lib/libCoreStorage.dylib
0x00007fff32f4e000 	/usr/lib/libcsfde.dylib
0x00007fff2e4ca000 	/System/Library/PrivateFrameworks/ProtectedCloudStorage.framework/Versions/A/ProtectedCloudStorage
0x00007fff32f46000 	/System/Library/PrivateFrameworks/EFILogin.framework/Versions/A/EFILogin
0x00007fff3355f000 	/System/Library/Frameworks/AudioUnit.framework/Versions/A/AudioUnit
0x00007fff309dd000 	/System/Library/Frameworks/CoreBluetooth.framework/Versions/A/CoreBluetooth
0x00007fff2b0ab000 	/usr/lib/libMatch.1.dylib
0x00007fff437ac000 	/System/Library/CoreServices/RawCamera.bundle/Contents/MacOS/RawCamera
0x00007fff2d892000 	/System/Library/PrivateFrameworks/MobileAsset.framework/Versions/A/MobileAsset
0x00007fff33583000 	/System/Library/PrivateFrameworks/StreamingZip.framework/Versions/A/StreamingZip
0x00007fff2c036000 	/System/Library/Frameworks/MediaToolbox.framework/Versions/A/MediaToolbox
0x00007fff30ff4000 	/System/Library/PrivateFrameworks/CoreAVCHD.framework/Versions/A/CoreAVCHD
0x00007fff301dc000 	/System/Library/Frameworks/MediaAccessibility.framework/Versions/A/MediaAccessibility
0x00007fff30ff0000 	/System/Library/PrivateFrameworks/Mangrove.framework/Versions/A/Mangrove
0x00007fff301e8000 	/System/Library/PrivateFrameworks/AlgosScoreFramework.framework/Versions/A/AlgosScoreFramework
0x00007fff319d7000 	/System/Library/PrivateFrameworks/AppleVPA.framework/Versions/A/AppleVPA
0x00007fff30c35000 	/System/Library/PrivateFrameworks/CoreAUC.framework/Versions/A/CoreAUC
0x00007fff411ff000 	/System/Library/Frameworks/Accelerate.framework/Versions/A/Frameworks/vImage.framework/Versions/A/Libraries/libCGInterfaces.dylib
0x000000012f2de000 	/usr/lib/libobjc-trampolines.dylib
0x00007fff2715f000 	/System/Library/PrivateFrameworks/ViewBridge.framework/Versions/A/ViewBridge
0x00007fff2b850000 	/System/Library/PrivateFrameworks/login.framework/Versions/A/login
0x00007fff77834000 	/usr/lib/libRosetta.dylib
0x00007fff6bc4b000 	/System/Library/Frameworks/OpenGL.framework/Versions/A/Resources/GLEngine.bundle/GLEngine
0x00007fff6baac000 	/System/Library/Frameworks/OpenGL.framework/Versions/A/Libraries/libGLProgrammability.dylib
0x00007fff5ee31000 	/System/Library/Extensions/AppleIntelKBLGraphicsGLDriver.bundle/Contents/MacOS/AppleIntelKBLGraphicsGLDriver
0x00007fff4630c000 	/System/Library/PrivateFrameworks/GPUSupport.framework/Versions/A/Libraries/libGPUSupportMercury.dylib
0x0000000130dfd000 	/System/Library/Extensions/AMDRadeonX4000GLDriver.bundle/Contents/MacOS/AMDRadeonX4000GLDriver
0x00007fff6df90000 	/System/Library/Extensions/AMDRadeonX4000GLDriver.bundle/Contents/MacOS/ATIRadeonX4000SCLib.dylib
0x00007fff5e0a1000 	/System/Library/Extensions/AMDShared.bundle/Contents/PlugIns/libSC.dylib
0x00007fff6bdc9000 	/System/Library/Frameworks/OpenGL.framework/Versions/A/Resources/GLRendererFloat.bundle/GLRendererFloat
0x0000000130fc8000 	/Library/Java/JavaVirtualMachines/jdk1.8.0_271.jdk/Contents/Home/jre/lib/libfontmanager.dylib
0x0000000131029000 	/Library/Java/JavaVirtualMachines/jdk1.8.0_271.jdk/Contents/Home/jre/lib/libosxui.dylib
0x0000000131238000 	/Library/Java/JavaVirtualMachines/jdk1.8.0_271.jdk/Contents/Home/jre/lib/libnio.dylib

VM Arguments:
jvm_args: -javaagent:/Applications/IntelliJ IDEA Edu.app/Contents/lib/idea_rt.jar=61410:/Applications/IntelliJ IDEA Edu.app/Contents/bin -Dfile.encoding=UTF-8 
java_command: GamePlay.Play
java_class_path (initial): /Library/Java/JavaVirtualMachines/jdk1.8.0_271.jdk/Contents/Home/jre/lib/charsets.jar:/Library/Java/JavaVirtualMachines/jdk1.8.0_271.jdk/Contents/Home/jre/lib/deploy.jar:/Library/Java/JavaVirtualMachines/jdk1.8.0_271.jdk/Contents/Home/jre/lib/ext/cldrdata.jar:/Library/Java/JavaVirtualMachines/jdk1.8.0_271.jdk/Contents/Home/jre/lib/ext/dnsns.jar:/Library/Java/JavaVirtualMachines/jdk1.8.0_271.jdk/Contents/Home/jre/lib/ext/jaccess.jar:/Library/Java/JavaVirtualMachines/jdk1.8.0_271.jdk/Contents/Home/jre/lib/ext/jfxrt.jar:/Library/Java/JavaVirtualMachines/jdk1.8.0_271.jdk/Contents/Home/jre/lib/ext/localedata.jar:/Library/Java/JavaVirtualMachines/jdk1.8.0_271.jdk/Contents/Home/jre/lib/ext/nashorn.jar:/Library/Java/JavaVirtualMachines/jdk1.8.0_271.jdk/Contents/Home/jre/lib/ext/sunec.jar:/Library/Java/JavaVirtualMachines/jdk1.8.0_271.jdk/Contents/Home/jre/lib/ext/sunjce_provider.jar:/Library/Java/JavaVirtualMachines/jdk1.8.0_271.jdk/Contents/Home/jre/lib/ext/sunpkcs11.jar:/Library/Java/JavaVirtualMachines/jdk1.8.0_271.jdk/Contents/Home/jre/lib/ext/zipfs.jar:/Library/Java/JavaVirtualMachines/jdk1.8.0_271.jdk/Contents/Home/jre/lib/javaws.jar:/Library/Java/JavaVirtualMachines/jdk1.8.0_271.jdk/Contents/Home/jre/lib/jce.jar:/Library/Java/JavaVirtualMachines/jdk1.8.0_271.jdk/Contents/Home/jre/lib/jfr.jar:/Library/Java/JavaVirtualMachines/jdk1.8.0_271.jdk/Contents/Home/jre/lib/jfxswt.jar:/Library/Java/JavaVirtualMachines/jdk1.8.0_271.jdk/Contents/Home/jre/lib/jsse.jar:/Library/Java/JavaVirtualMachines/jdk1.8.0_271.jdk/Contents/Home/jre/lib/management-agent.jar:/Library/Java/JavaVirtualMachines/jdk1.8.0_271.jdk/Contents/Home/jre/lib/plugin.jar:/Library/Java/JavaVirtualMachines/jdk1.8.0_271.jdk/Contents/Home/jre/lib/resources.jar:/Library/Java/JavaVirtualMachines/jdk1.8.0_271.jdk/Contents/Home/jre/lib/rt.jar:/Library/Java/JavaVirtualMachines/jdk1.8.0_271.jdk/Contents/Home/lib/ant-javafx.jar:/Library/Java/JavaVirtualMachines/jdk1.8.0_271.jdk/Contents/Home
Launcher Type: SUN_STANDARD

Environment Variables:
PATH=/Library/Frameworks/Python.framework/Versions/3.7/bin:/usr/local/bin:/usr/bin:/bin:/usr/sbin:/sbin:/Library/Apple/usr/bin:/Applications/Wireshark.app/Contents/MacOS
SHELL=/bin/zsh

Signal Handlers:
SIGSEGV: [libjvm.dylib+0x5a0dcb], sa_mask[0]=11111111011111110111111111111111, sa_flags=SA_ONSTACK|SA_RESTART|SA_SIGINFO
SIGBUS: [libjvm.dylib+0x5a0dcb], sa_mask[0]=11111111011111110111111111111111, sa_flags=SA_RESTART|SA_SIGINFO
SIGFPE: [libjvm.dylib+0x491731], sa_mask[0]=11111111011111110111111111111111, sa_flags=SA_RESTART|SA_SIGINFO
SIGPIPE: [libjvm.dylib+0x491731], sa_mask[0]=11111111011111110111111111111111, sa_flags=SA_RESTART|SA_SIGINFO
SIGXFSZ: [libjvm.dylib+0x491731], sa_mask[0]=11111111011111110111111111111111, sa_flags=SA_RESTART|SA_SIGINFO
SIGILL: [libjvm.dylib+0x491731], sa_mask[0]=11111111011111110111111111111111, sa_flags=SA_RESTART|SA_SIGINFO
SIGUSR1: SIG_DFL, sa_mask[0]=00000000000000000000000000000000, sa_flags=none
SIGUSR2: [libjvm.dylib+0x49202a], sa_mask[0]=00100000000000000000000000000000, sa_flags=SA_RESTART|SA_SIGINFO
SIGHUP: [libjvm.dylib+0x490239], sa_mask[0]=11111111011111110111111111111111, sa_flags=SA_RESTART|SA_SIGINFO
SIGINT: [libjvm.dylib+0x490239], sa_mask[0]=11111111011111110111111111111111, sa_flags=SA_RESTART|SA_SIGINFO
SIGTERM: [libjvm.dylib+0x490239], sa_mask[0]=11111111011111110111111111111111, sa_flags=SA_RESTART|SA_SIGINFO
SIGQUIT: [libjvm.dylib+0x490239], sa_mask[0]=11111111011111110111111111111111, sa_flags=SA_RESTART|SA_SIGINFO


---------------  S Y S T E M  ---------------

OS:Bsduname:Darwin 20.4.0 Darwin Kernel Version 20.4.0: Fri Mar  5 01:14:14 PST 2021; root:xnu-7195.101.1~3/RELEASE_X86_64 x86_64
rlimit: STACK 8192k, CORE 0k, NPROC 2784, NOFILE 10240, AS infinity
load average:3.87 2.62 2.38

CPU:total 8 (initial active 8) (4 cores per cpu, 2 threads per core) family 6 model 158 stepping 9, cmov, cx8, fxsr, mmx, sse, sse2, sse3, ssse3, sse4.1, sse4.2, popcnt, avx, avx2, aes, clmul, erms, 3dnowpref, lzcnt, ht, tsc, tscinvbit, bmi1, bmi2, adx

Memory: 4k page, physical 16777216k(62484k free)

/proc/meminfo:


vm_info: Java HotSpot(TM) 64-Bit Server VM (25.271-b09) for bsd-amd64 JRE (1.8.0_271-b09), built on Sep 16 2020 16:54:38 by "java_re" with gcc 4.2.1 Compatible Apple LLVM 10.0.0 (clang-1000.11.45.5)

time: Thu Jul  1 18:37:01 2021
timezone: EDT
elapsed time: 4.124835 seconds (0d 0h 0m 4s)

